2026-04-28 09:58:45,121 INFO OK asset=BTC price=76884 currency=USD change24h=-0.9904782273176784 reason=Price fetched successfully
2026-04-28 09:58:45,121 INFO OK asset=ETH price=2287.04 currency=USD change24h=-1.3076433380580927 reason=Price fetched successfully
2026-04-28 09:58:45,121 INFO OK asset=SOL price=83.99 currency=USD change24h=-1.8013233305536207 reason=Price fetched successfully
2026-04-28 09:58:45,125 INFO OK notification=email skipped=true
2026-04-28 11:06:10,376 INFO OK asset=BTC price=76794 currency=USD change24h=-1.3370291211812708 reason=Price fetched successfully
2026-04-28 11:06:10,378 INFO OK asset=ETH price=2285.24 currency=USD change24h=-1.5146991105300562 reason=Price fetched successfully
2026-04-28 11:06:10,378 INFO OK asset=SOL price=83.87 currency=USD change24h=-1.9304779416623927 reason=Price fetched successfully
2026-04-28 11:06:10,380 INFO OK notification=email skipped=true
2026-04-28 11:06:46,856 INFO OK asset=BTC price=76794 currency=USD change24h=-1.3370291211812708 reason=Price fetched successfully
2026-04-28 11:06:46,856 INFO OK asset=ETH price=2285.24 currency=USD change24h=-1.5146991105300562 reason=Price fetched successfully
2026-04-28 11:06:46,857 INFO OK asset=SOL price=83.87 currency=USD change24h=-1.9304779416623927 reason=Price fetched successfully
2026-04-28 11:06:46,858 INFO OK notification=email skipped=true
2026-04-28 11:10:02,285 INFO OK asset=BTC price=76820 currency=USD change24h=-1.302827069511077 reason=Price fetched successfully
2026-04-28 11:10:02,285 INFO OK asset=ETH price=2285.12 currency=USD change24h=-1.5199398024871233 reason=Price fetched successfully
2026-04-28 11:10:02,286 INFO OK asset=SOL price=83.89 currency=USD change24h=-1.9041079101550105 reason=Price fetched successfully
2026-04-28 11:10:02,287 INFO OK notification=email skipped=true
2026-04-28 11:15:02,047 INFO OK asset=BTC price=76822 currency=USD change24h=-1.2282487121437307 reason=Price fetched successfully
2026-04-28 11:15:02,047 INFO OK asset=ETH price=2286.46 currency=USD change24h=-1.4148269393311728 reason=Price fetched successfully
2026-04-28 11:15:02,047 INFO OK asset=SOL price=83.91 currency=USD change24h=-1.9309050090748034 reason=Price fetched successfully
2026-04-28 11:15:02,048 INFO OK notification=email skipped=true
2026-04-28 11:16:58,488 INFO OK asset=BTC price=76794 currency=USD change24h=-1.2644883299198781 reason=Price fetched successfully
2026-04-28 11:16:58,488 INFO OK asset=ETH price=2285.76 currency=USD change24h=-1.4449607826993898 reason=Price fetched successfully
2026-04-28 11:16:58,488 INFO OK asset=SOL price=83.88 currency=USD change24h=-1.9111088011154238 reason=Price fetched successfully
2026-04-28 11:16:58,490 INFO OK notification=email skipped=true
2026-04-28 11:17:39,561 INFO OK asset=BTC price=76794 currency=USD change24h=-1.2644883299198781 reason=Price fetched successfully
2026-04-28 11:17:39,561 INFO OK asset=ETH price=2285.76 currency=USD change24h=-1.4449607826993898 reason=Price fetched successfully
2026-04-28 11:17:39,561 INFO OK asset=SOL price=83.88 currency=USD change24h=-1.9111088011154238 reason=Price fetched successfully
2026-04-28 11:17:39,563 INFO OK notification=email skipped=true
2026-04-28 11:20:01,686 INFO OK asset=BTC price=76807 currency=USD change24h=-1.2482471408622327 reason=Price fetched successfully
2026-04-28 11:20:01,686 INFO OK asset=ETH price=2287.12 currency=USD change24h=-1.3864168472651779 reason=Price fetched successfully
2026-04-28 11:20:01,686 INFO OK asset=SOL price=83.92 currency=USD change24h=-1.8700074900154018 reason=Price fetched successfully
2026-04-28 11:20:01,688 INFO OK notification=email skipped=true
2026-04-28 11:20:55,588 INFO OK asset=BTC price=76807 currency=USD change24h=-1.2482471408622327 reason=Price fetched successfully
2026-04-28 11:20:55,589 INFO OK asset=ETH price=2287.12 currency=USD change24h=-1.3864168472651779 reason=Price fetched successfully
2026-04-28 11:20:55,589 INFO OK asset=SOL price=83.92 currency=USD change24h=-1.8700074900154018 reason=Price fetched successfully
2026-04-28 11:20:55,590 INFO OK notification=email skipped=true
2026-04-28 11:21:02,301 INFO OK asset=BTC price=76815 currency=USD change24h=-1.179449177283596 reason=Price fetched successfully
2026-04-28 11:21:02,301 INFO OK asset=ETH price=2287.8 currency=USD change24h=-1.2753260191386002 reason=Price fetched successfully
2026-04-28 11:21:02,301 INFO OK asset=SOL price=83.93 currency=USD change24h=-1.8535397518450558 reason=Price fetched successfully
2026-04-28 11:21:02,304 INFO OK notification=email skipped=true
2026-04-28 11:22:01,666 INFO OK asset=BTC price=76815 currency=USD change24h=-1.179449177283596 reason=Price fetched successfully
2026-04-28 11:22:01,667 INFO OK asset=ETH price=2287.8 currency=USD change24h=-1.2753260191386002 reason=Price fetched successfully
2026-04-28 11:22:01,667 INFO OK asset=SOL price=83.93 currency=USD change24h=-1.8535397518450558 reason=Price fetched successfully
2026-04-28 11:22:01,669 INFO OK notification=email skipped=true
2026-04-28 11:23:02,319 INFO OK asset=BTC price=76787 currency=USD change24h=-1.2148439839345524 reason=Price fetched successfully
2026-04-28 11:23:02,319 INFO OK asset=ETH price=2286.92 currency=USD change24h=-1.3136259413763085 reason=Price fetched successfully
2026-04-28 11:23:02,319 INFO OK asset=SOL price=83.93 currency=USD change24h=-1.8617742416974017 reason=Price fetched successfully
2026-04-28 11:23:02,321 INFO OK notification=email skipped=true
2026-04-28 11:23:51,110 INFO OK asset=BTC price=76787 currency=USD change24h=-1.2148439839345524 reason=Price fetched successfully
2026-04-28 11:23:51,110 INFO OK asset=ETH price=2286.92 currency=USD change24h=-1.3136259413763085 reason=Price fetched successfully
2026-04-28 11:23:51,110 INFO OK asset=SOL price=83.93 currency=USD change24h=-1.8617742416974017 reason=Price fetched successfully
2026-04-28 11:23:51,113 INFO OK notification=email skipped=true
2026-04-28 11:24:01,692 INFO OK asset=BTC price=76787 currency=USD change24h=-1.2148439839345524 reason=Price fetched successfully
2026-04-28 11:24:01,692 INFO OK asset=ETH price=2286.92 currency=USD change24h=-1.3136259413763085 reason=Price fetched successfully
2026-04-28 11:24:01,693 INFO OK asset=SOL price=83.93 currency=USD change24h=-1.8617742416974017 reason=Price fetched successfully
2026-04-28 11:24:01,694 INFO OK notification=email skipped=true
2026-04-28 11:25:02,229 INFO OK asset=BTC price=76784 currency=USD change24h=-1.2190324944689803 reason=Price fetched successfully
2026-04-28 11:25:02,229 INFO OK asset=ETH price=2286.76 currency=USD change24h=-1.3201529045905926 reason=Price fetched successfully
2026-04-28 11:25:02,229 INFO OK asset=SOL price=83.87 currency=USD change24h=-1.9317695811580562 reason=Price fetched successfully
2026-04-28 11:25:02,231 INFO OK notification=email skipped=true
2026-04-28 11:26:01,538 INFO OK asset=BTC price=76784 currency=USD change24h=-1.2190324944689803 reason=Price fetched successfully
2026-04-28 11:26:01,538 INFO OK asset=ETH price=2286.76 currency=USD change24h=-1.3201529045905926 reason=Price fetched successfully
2026-04-28 11:26:01,539 INFO OK asset=SOL price=83.87 currency=USD change24h=-1.9317695811580562 reason=Price fetched successfully
2026-04-28 11:26:01,539 INFO OK notification=email skipped=true
2026-04-28 11:27:01,794 ERROR NotOK asset=BTC price= currency=USD change24h= reason=API call failed: <urlopen error [Errno 101] Network is unreachable>
2026-04-28 11:27:01,794 ERROR NotOK asset=ETH price= currency=USD change24h= reason=API call failed: <urlopen error [Errno 101] Network is unreachable>
2026-04-28 11:27:01,794 ERROR NotOK asset=SOL price= currency=USD change24h= reason=API call failed: <urlopen error [Errno 101] Network is unreachable>
2026-04-28 11:27:01,795 INFO OK notification=email skipped=true
2026-04-28 11:28:02,254 INFO OK asset=BTC price=76736 currency=USD change24h=-1.3345306190864374 reason=Price fetched successfully
2026-04-28 11:28:02,254 INFO OK asset=ETH price=2286.44 currency=USD change24h=-1.4265143329582999 reason=Price fetched successfully
2026-04-28 11:28:02,254 INFO OK asset=SOL price=83.85 currency=USD change24h=-1.665631176440677 reason=Price fetched successfully
2026-04-28 11:28:02,256 INFO OK notification=email skipped=true
2026-04-28 11:29:01,585 INFO OK asset=BTC price=76736 currency=USD change24h=-1.3345306190864374 reason=Price fetched successfully
2026-04-28 11:29:01,586 INFO OK asset=ETH price=2286.44 currency=USD change24h=-1.4265143329582999 reason=Price fetched successfully
2026-04-28 11:29:01,586 INFO OK asset=SOL price=83.85 currency=USD change24h=-1.665631176440677 reason=Price fetched successfully
2026-04-28 11:29:01,587 INFO OK notification=email skipped=true
2026-04-28 11:30:02,633 INFO OK asset=BTC price=76747 currency=USD change24h=-1.3202243426441487 reason=Price fetched successfully
2026-04-28 11:30:02,634 INFO OK asset=ETH price=2286.87 currency=USD change24h=-1.4078308166490465 reason=Price fetched successfully
2026-04-28 11:30:02,634 INFO OK asset=SOL price=83.85 currency=USD change24h=-1.6625543866033436 reason=Price fetched successfully
2026-04-28 11:30:02,635 INFO OK notification=email skipped=true
2026-04-28 11:31:02,132 INFO OK asset=BTC price=76755 currency=USD change24h=-1.433974621655356 reason=Price fetched successfully
2026-04-28 11:31:02,132 INFO OK asset=ETH price=2287.25 currency=USD change24h=-1.4926575625432776 reason=Price fetched successfully
2026-04-28 11:31:02,132 INFO OK asset=SOL price=83.88 currency=USD change24h=-1.6378853980118357 reason=Price fetched successfully
2026-04-28 11:31:02,134 INFO OK notification=email skipped=true
2026-04-28 11:32:01,483 INFO OK asset=BTC price=76755 currency=USD change24h=-1.433974621655356 reason=Price fetched successfully
2026-04-28 11:32:01,483 INFO OK asset=ETH price=2287.25 currency=USD change24h=-1.4926575625432776 reason=Price fetched successfully
2026-04-28 11:32:01,484 INFO OK asset=SOL price=83.88 currency=USD change24h=-1.6378853980118357 reason=Price fetched successfully
2026-04-28 11:32:01,485 INFO OK notification=email skipped=true
2026-04-28 11:33:02,044 INFO OK asset=BTC price=76735 currency=USD change24h=-1.4600093654855644 reason=Price fetched successfully
2026-04-28 11:33:02,044 INFO OK asset=ETH price=2286.69 currency=USD change24h=-1.5170304312304175 reason=Price fetched successfully
2026-04-28 11:33:02,044 INFO OK asset=SOL price=83.85 currency=USD change24h=-1.6664661419859519 reason=Price fetched successfully
2026-04-28 11:33:02,046 INFO OK notification=email skipped=true
2026-04-28 11:34:01,397 INFO OK asset=BTC price=76735 currency=USD change24h=-1.4600093654855644 reason=Price fetched successfully
2026-04-28 11:34:01,397 INFO OK asset=ETH price=2286.69 currency=USD change24h=-1.5170304312304175 reason=Price fetched successfully
2026-04-28 11:34:01,397 INFO OK asset=SOL price=83.85 currency=USD change24h=-1.6664661419859519 reason=Price fetched successfully
2026-04-28 11:34:01,398 INFO OK notification=email skipped=true
2026-04-28 11:35:01,958 INFO OK asset=BTC price=76693 currency=USD change24h=-1.513706777306999 reason=Price fetched successfully
2026-04-28 11:35:01,959 INFO OK asset=ETH price=2284.78 currency=USD change24h=-1.5991196270136006 reason=Price fetched successfully
2026-04-28 11:35:01,963 INFO OK asset=SOL price=83.82 currency=USD change24h=-1.705407812335235 reason=Price fetched successfully
2026-04-28 11:35:01,965 INFO OK notification=email skipped=true
2026-04-28 11:36:02,372 INFO OK asset=BTC price=76675 currency=USD change24h=-1.5801280407636473 reason=Price fetched successfully
2026-04-28 11:36:02,372 INFO OK asset=ETH price=2284.1 currency=USD change24h=-1.677320628099103 reason=Price fetched successfully
2026-04-28 11:36:02,372 INFO OK asset=SOL price=83.78 currency=USD change24h=-1.8871273467332101 reason=Price fetched successfully
2026-04-28 11:36:02,373 INFO OK notification=email skipped=true
2026-04-28 11:36:56,504 INFO OK asset=BTC price=76675 currency=USD change24h=-1.5801280407636473 reason=Price fetched successfully
2026-04-28 11:36:56,504 INFO OK asset=ETH price=2284.1 currency=USD change24h=-1.677320628099103 reason=Price fetched successfully
2026-04-28 11:36:56,504 INFO OK asset=SOL price=83.78 currency=USD change24h=-1.8871273467332101 reason=Price fetched successfully
2026-04-28 11:36:56,506 INFO OK notification=email skipped=true
2026-04-28 11:37:01,798 INFO OK asset=BTC price=76675 currency=USD change24h=-1.5801280407636473 reason=Price fetched successfully
2026-04-28 11:37:01,799 INFO OK asset=ETH price=2284.1 currency=USD change24h=-1.677320628099103 reason=Price fetched successfully
2026-04-28 11:37:01,799 INFO OK asset=SOL price=83.78 currency=USD change24h=-1.8871273467332101 reason=Price fetched successfully
2026-04-28 11:37:01,800 INFO OK notification=email skipped=true
2026-04-28 11:38:02,290 INFO OK asset=BTC price=76645 currency=USD change24h=-1.619567621194947 reason=Price fetched successfully
2026-04-28 11:38:02,290 INFO OK asset=ETH price=2283.32 currency=USD change24h=-1.7111551501397118 reason=Price fetched successfully
2026-04-28 11:38:02,291 INFO OK asset=SOL price=83.76 currency=USD change24h=-1.909274476726154 reason=Price fetched successfully
2026-04-28 11:38:02,293 INFO OK notification=email skipped=true
2026-04-28 11:39:01,637 INFO OK asset=BTC price=76645 currency=USD change24h=-1.619567621194947 reason=Price fetched successfully
2026-04-28 11:39:01,638 INFO OK asset=ETH price=2283.32 currency=USD change24h=-1.7111551501397118 reason=Price fetched successfully
2026-04-28 11:39:01,638 INFO OK asset=SOL price=83.76 currency=USD change24h=-1.909274476726154 reason=Price fetched successfully
2026-04-28 11:39:01,640 INFO OK notification=email skipped=true
2026-04-28 11:40:02,210 INFO OK asset=BTC price=76673 currency=USD change24h=-1.5838817475763056 reason=Price fetched successfully
2026-04-28 11:40:02,210 INFO OK asset=ETH price=2284.01 currency=USD change24h=-1.6815360585292087 reason=Price fetched successfully
2026-04-28 11:40:02,211 INFO OK asset=SOL price=83.79 currency=USD change24h=-1.882002093892236 reason=Price fetched successfully
2026-04-28 11:40:02,212 INFO OK notification=email skipped=true
2026-04-28 11:41:01,553 INFO OK asset=BTC price=76673 currency=USD change24h=-1.5838817475763056 reason=Price fetched successfully
2026-04-28 11:41:01,554 INFO OK asset=ETH price=2284.01 currency=USD change24h=-1.6815360585292087 reason=Price fetched successfully
2026-04-28 11:41:01,554 INFO OK asset=SOL price=83.79 currency=USD change24h=-1.882002093892236 reason=Price fetched successfully
2026-04-28 11:41:01,556 INFO OK notification=email skipped=true
2026-04-28 11:42:02,219 INFO OK asset=BTC price=76660 currency=USD change24h=-1.6443897922565995 reason=Price fetched successfully
2026-04-28 11:42:02,219 INFO OK asset=ETH price=2283.23 currency=USD change24h=-1.7449099645447688 reason=Price fetched successfully
2026-04-28 11:42:02,220 INFO OK asset=SOL price=83.78 currency=USD change24h=-1.939216757928951 reason=Price fetched successfully
2026-04-28 11:42:02,221 INFO OK notification=email skipped=true
2026-04-28 11:43:01,564 INFO OK asset=BTC price=76660 currency=USD change24h=-1.6443897922565995 reason=Price fetched successfully
2026-04-28 11:43:01,564 INFO OK asset=ETH price=2283.23 currency=USD change24h=-1.7449099645447688 reason=Price fetched successfully
2026-04-28 11:43:01,564 INFO OK asset=SOL price=83.78 currency=USD change24h=-1.939216757928951 reason=Price fetched successfully
2026-04-28 11:43:01,567 INFO OK notification=email skipped=true
2026-04-28 11:44:02,542 INFO OK asset=BTC price=76672 currency=USD change24h=-1.6288544583286075 reason=Price fetched successfully
2026-04-28 11:44:02,542 INFO OK asset=ETH price=2283.09 currency=USD change24h=-1.7510529108625212 reason=Price fetched successfully
2026-04-28 11:44:02,543 INFO OK asset=SOL price=83.73 currency=USD change24h=-1.994518676388502 reason=Price fetched successfully
2026-04-28 11:44:02,548 INFO OK notification=email skipped=true
2026-04-28 11:45:01,914 INFO OK asset=BTC price=76672 currency=USD change24h=-1.6288544583286075 reason=Price fetched successfully
2026-04-28 11:45:01,915 INFO OK asset=ETH price=2283.09 currency=USD change24h=-1.7510529108625212 reason=Price fetched successfully
2026-04-28 11:45:01,915 INFO OK asset=SOL price=83.73 currency=USD change24h=-1.994518676388502 reason=Price fetched successfully
2026-04-28 11:45:01,917 INFO OK notification=email skipped=true
2026-04-28 11:46:02,449 INFO OK asset=BTC price=76656 currency=USD change24h=-1.620618102741075 reason=Price fetched successfully
2026-04-28 11:46:02,449 INFO OK asset=ETH price=2282.71 currency=USD change24h=-1.73000495886021 reason=Price fetched successfully
2026-04-28 11:46:02,449 INFO OK asset=SOL price=83.73 currency=USD change24h=-2.0221328331961987 reason=Price fetched successfully
2026-04-28 11:46:02,452 INFO OK notification=email skipped=true
2026-04-28 11:47:01,810 INFO OK asset=BTC price=76656 currency=USD change24h=-1.620618102741075 reason=Price fetched successfully
2026-04-28 11:47:01,811 INFO OK asset=ETH price=2282.71 currency=USD change24h=-1.73000495886021 reason=Price fetched successfully
2026-04-28 11:47:01,811 INFO OK asset=SOL price=83.73 currency=USD change24h=-2.0221328331961987 reason=Price fetched successfully
2026-04-28 11:47:01,813 INFO OK notification=email skipped=true
2026-04-28 11:48:02,324 INFO OK asset=BTC price=76607 currency=USD change24h=-1.6841149606886041 reason=Price fetched successfully
2026-04-28 11:48:02,325 INFO OK asset=ETH price=2281.58 currency=USD change24h=-1.7788342204836296 reason=Price fetched successfully
2026-04-28 11:48:02,325 INFO OK asset=SOL price=83.7 currency=USD change24h=-2.0623062172239925 reason=Price fetched successfully
2026-04-28 11:48:02,326 INFO OK notification=email skipped=true
2026-04-28 11:49:01,642 INFO OK asset=BTC price=76607 currency=USD change24h=-1.6841149606886041 reason=Price fetched successfully
2026-04-28 11:49:01,642 INFO OK asset=ETH price=2281.58 currency=USD change24h=-1.7788342204836296 reason=Price fetched successfully
2026-04-28 11:49:01,643 INFO OK asset=SOL price=83.7 currency=USD change24h=-2.0623062172239925 reason=Price fetched successfully
2026-04-28 11:49:01,644 INFO OK notification=email skipped=true
